app/build/intermediates/manifest_merge_blame_file/debug/processDebugMainManifest/manifest-merger-blame-debug-report.txt
1<?xml version="1.0" encoding="utf-8"?>
2<manifest xmlns:android="http://schemas.android.com/apk/res/android"
3    package="com.sado.mygallery"
4    android:versionCode="1"
5    android:versionName="1.0" >
6
7    <uses-sdk
8        android:minSdkVersion="26"
9        android:targetSdkVersion="34" />
10
11    <uses-permission
11-->src\main\AndroidManifest.xml:5:5-107
12        android:name="android.permission.READ_EXTERNAL_STORAGE"
12-->src\main\AndroidManifest.xml:5:22-77
13        android:maxSdkVersion="32" />
13-->src\main\AndroidManifest.xml:5:78-104
14    <uses-permission android:name="android.permission.READ_MEDIA_IMAGES" />
14-->src\main\AndroidManifest.xml:6:5-76
14-->src\main\AndroidManifest.xml:6:22-73
15    <uses-permission android:name="android.permission.READ_MEDIA_VIDEO" />
15-->src\main\AndroidManifest.xml:7:5-75
15-->src\main\AndroidManifest.xml:7:22-72
16    <!-- For move/copy operations on newer Android -->
17    <uses-permission android:name="android.permission.MANAGE_EXTERNAL_STORAGE" />
17-->src\main\AndroidManifest.xml:9:5-10:40
17-->src\main\AndroidManifest.xml:9:22-79
18    <uses-permission android:name="android.permission.WAKE_LOCK" />
18-->[androidx.work:work-runtime:2.9.0] AndroidManifest.xml:23:5-68
18-->[androidx.work:work-runtime:2.9.0] AndroidManifest.xml:23:22-65
19    <uses-permission android:name="android.permission.ACCESS_NETWORK_STATE" />
19-->[androidx.work:work-runtime:2.9.0] AndroidManifest.xml:24:5-79
19-->[androidx.work:work-runtime:2.9.0] AndroidManifest.xml:24:22-76
20    <uses-permission android:name="android.permission.RECEIVE_BOOT_COMPLETED" />
20-->[androidx.work:work-runtime:2.9.0] AndroidManifest.xml:25:5-81
20-->[androidx.work:work-runtime:2.9.0] AndroidManifest.xml:25:22-78
21    <uses-permission android:name="android.permission.FOREGROUND_SERVICE" />
21-->[androidx.work:work-runtime:2.9.0] AndroidManifest.xml:26:5-77
21-->[androidx.work:work-runtime:2.9.0] AndroidManifest.xml:26:22-74
22
23    <permission
23-->[androidx.core:core:1.12.0] AndroidManifest.xml:22:5-24:47
24        android:name="com.sado.mygallery.DYNAMIC_RECEIVER_NOT_EXPORTED_PERMISSION"
24-->[androidx.core:core:1.12.0] AndroidManifest.xml:23:9-81
25        android:protectionLevel="signature" />
25-->[androidx.core:core:1.12.0] AndroidManifest.xml:24:9-44
26
27    <uses-permission android:name="com.sado.mygallery.DYNAMIC_RECEIVER_NOT_EXPORTED_PERMISSION" />
27-->[androidx.core:core:1.12.0] AndroidManifest.xml:26:5-97
27-->[androidx.core:core:1.12.0] AndroidManifest.xml:26:22-94
28    <uses-permission android:name="android.permission.INTERNET" />
28-->[com.google.android.datatransport:transport-backend-cct:2.3.3] AndroidManifest.xml:26:5-67
28-->[com.google.android.datatransport:transport-backend-cct:2.3.3] AndroidManifest.xml:26:22-64
29
30    <application
30-->src\main\AndroidManifest.xml:12:5-38:19
31        android:name="com.sado.mygallery.MyGalleryApp"
31-->src\main\AndroidManifest.xml:13:9-37
32        android:allowBackup="true"
32-->src\main\AndroidManifest.xml:14:9-35
33        android:appComponentFactory="androidx.core.app.CoreComponentFactory"
33-->[androidx.core:core:1.12.0] AndroidManifest.xml:28:18-86
34        android:dataExtractionRules="@xml/data_extraction_rules"
34-->src\main\AndroidManifest.xml:15:9-65
35        android:debuggable="true"
36        android:extractNativeLibs="false"
37        android:fullBackupContent="@xml/backup_rules"
37-->src\main\AndroidManifest.xml:16:9-54
38        android:icon="@mipmap/ic_launcher"
38-->src\main\AndroidManifest.xml:17:9-43
39        android:label="@string/app_name"
39-->src\main\AndroidManifest.xml:18:9-41
40        android:roundIcon="@mipmap/ic_launcher"
40-->src\main\AndroidManifest.xml:19:9-48
41        android:supportsRtl="true"
41-->src\main\AndroidManifest.xml:20:9-35
42        android:testOnly="true"
43        android:theme="@style/Theme.MyGallery" >
43-->src\main\AndroidManifest.xml:21:9-47
44        <meta-data
44-->src\main\AndroidManifest.xml:24:9-26:40
45            android:name="com.google.mlkit.vision.DEPENDENCIES"
45-->src\main\AndroidManifest.xml:25:13-64
46            android:value="face,ica" />
46-->src\main\AndroidManifest.xml:26:13-37
47
48        <activity
48-->src\main\AndroidManifest.xml:28:9-37:20
49            android:name="com.sado.mygallery.MainActivity"
49-->src\main\AndroidManifest.xml:29:13-41
50            android:exported="true"
50-->src\main\AndroidManifest.xml:30:13-36
51            android:theme="@style/Theme.MyGallery" >
51-->src\main\AndroidManifest.xml:31:13-51
52            <intent-filter>
52-->src\main\AndroidManifest.xml:32:13-36:29
53                <action android:name="android.intent.action.MAIN" />
53-->src\main\AndroidManifest.xml:33:17-69
53-->src\main\AndroidManifest.xml:33:25-66
54
55                <category android:name="android.intent.category.LAUNCHER" />
55-->src\main\AndroidManifest.xml:35:17-77
55-->src\main\AndroidManifest.xml:35:27-74
56            </intent-filter>
57        </activity>
58
59        <provider
59-->[androidx.work:work-runtime:2.9.0] AndroidManifest.xml:29:9-37:20
60            android:name="androidx.startup.InitializationProvider"
60-->[androidx.work:work-runtime:2.9.0] AndroidManifest.xml:30:13-67
61            android:authorities="com.sado.mygallery.androidx-startup"
61-->[androidx.work:work-runtime:2.9.0] AndroidManifest.xml:31:13-68
62            android:exported="false" >
62-->[androidx.work:work-runtime:2.9.0] AndroidManifest.xml:32:13-37
63            <meta-data
63-->[androidx.work:work-runtime:2.9.0] AndroidManifest.xml:34:13-36:52
64                android:name="androidx.work.WorkManagerInitializer"
64-->[androidx.work:work-runtime:2.9.0] AndroidManifest.xml:35:17-68
65                android:value="androidx.startup" />
65-->[androidx.work:work-runtime:2.9.0] AndroidManifest.xml:36:17-49
66            <meta-data
66-->[androidx.emoji2:emoji2:1.3.0] AndroidManifest.xml:29:13-31:52
67                android:name="androidx.emoji2.text.EmojiCompatInitializer"
67-->[androidx.emoji2:emoji2:1.3.0] AndroidManifest.xml:30:17-75
68                android:value="androidx.startup" />
68-->[androidx.emoji2:emoji2:1.3.0] AndroidManifest.xml:31:17-49
69            <meta-data
69-->[androidx.lifecycle:lifecycle-process:2.7.0] AndroidManifest.xml:29:13-31:52
70                android:name="androidx.lifecycle.ProcessLifecycleInitializer"
70-->[androidx.lifecycle:lifecycle-process:2.7.0] AndroidManifest.xml:30:17-78
71                android:value="androidx.startup" />
71-->[androidx.lifecycle:lifecycle-process:2.7.0] AndroidManifest.xml:31:17-49
72            <meta-data
72-->[androidx.profileinstaller:profileinstaller:1.3.1] AndroidManifest.xml:29:13-31:52
73                android:name="androidx.profileinstaller.ProfileInstallerInitializer"
73-->[androidx.profileinstaller:profileinstaller:1.3.1] AndroidManifest.xml:30:17-85
74                android:value="androidx.startup" />
74-->[androidx.profileinstaller:profileinstaller:1.3.1] AndroidManifest.xml:31:17-49
75        </provider>
76
77        <service
77-->[androidx.work:work-runtime:2.9.0] AndroidManifest.xml:39:9-45:35
78            android:name="androidx.work.impl.background.systemalarm.SystemAlarmService"
78-->[androidx.work:work-runtime:2.9.0] AndroidManifest.xml:40:13-88
79            android:directBootAware="false"
79-->[androidx.work:work-runtime:2.9.0] AndroidManifest.xml:41:13-44
80            android:enabled="@bool/enable_system_alarm_service_default"
80-->[androidx.work:work-runtime:2.9.0] AndroidManifest.xml:42:13-72
81            android:exported="false" />
81-->[androidx.work:work-runtime:2.9.0] AndroidManifest.xml:43:13-37
82        <service
82-->[androidx.work:work-runtime:2.9.0] AndroidManifest.xml:46:9-52:35
83            android:name="androidx.work.impl.background.systemjob.SystemJobService"
83-->[androidx.work:work-runtime:2.9.0] AndroidManifest.xml:47:13-84
84            android:directBootAware="false"
84-->[androidx.work:work-runtime:2.9.0] AndroidManifest.xml:48:13-44
85            android:enabled="@bool/enable_system_job_service_default"
85-->[androidx.work:work-runtime:2.9.0] AndroidManifest.xml:49:13-70
86            android:exported="true"
86-->[androidx.work:work-runtime:2.9.0] AndroidManifest.xml:50:13-36
87            android:permission="android.permission.BIND_JOB_SERVICE" />
87-->[androidx.work:work-runtime:2.9.0] AndroidManifest.xml:51:13-69
88        <service
88-->[androidx.work:work-runtime:2.9.0] AndroidManifest.xml:53:9-59:35
89            android:name="androidx.work.impl.foreground.SystemForegroundService"
89-->[androidx.work:work-runtime:2.9.0] AndroidManifest.xml:54:13-81
90            android:directBootAware="false"
90-->[androidx.work:work-runtime:2.9.0] AndroidManifest.xml:55:13-44
91            android:enabled="@bool/enable_system_foreground_service_default"
91-->[androidx.work:work-runtime:2.9.0] AndroidManifest.xml:56:13-77
92            android:exported="false" />
92-->[androidx.work:work-runtime:2.9.0] AndroidManifest.xml:57:13-37
93
94        <receiver
94-->[androidx.work:work-runtime:2.9.0] AndroidManifest.xml:61:9-66:35
95            android:name="androidx.work.impl.utils.ForceStopRunnable$BroadcastReceiver"
95-->[androidx.work:work-runtime:2.9.0] AndroidManifest.xml:62:13-88
96            android:directBootAware="false"
96-->[androidx.work:work-runtime:2.9.0] AndroidManifest.xml:63:13-44
97            android:enabled="true"
97-->[androidx.work:work-runtime:2.9.0] AndroidManifest.xml:64:13-35
98            android:exported="false" />
98-->[androidx.work:work-runtime:2.9.0] AndroidManifest.xml:65:13-37
99        <receiver
99-->[androidx.work:work-runtime:2.9.0] AndroidManifest.xml:67:9-77:20
100            android:name="androidx.work.impl.background.systemalarm.ConstraintProxy$BatteryChargingProxy"
100-->[androidx.work:work-runtime:2.9.0] AndroidManifest.xml:68:13-106
101            android:directBootAware="false"
101-->[androidx.work:work-runtime:2.9.0] AndroidManifest.xml:69:13-44
102            android:enabled="false"
102-->[androidx.work:work-runtime:2.9.0] AndroidManifest.xml:70:13-36
103            android:exported="false" >
103-->[androidx.work:work-runtime:2.9.0] AndroidManifest.xml:71:13-37
104            <intent-filter>
104-->[androidx.work:work-runtime:2.9.0] AndroidManifest.xml:73:13-76:29
105                <action android:name="android.intent.action.ACTION_POWER_CONNECTED" />
105-->[androidx.work:work-runtime:2.9.0] AndroidManifest.xml:74:17-87
105-->[androidx.work:work-runtime:2.9.0] AndroidManifest.xml:74:25-84
106                <action android:name="android.intent.action.ACTION_POWER_DISCONNECTED" />
106-->[androidx.work:work-runtime:2.9.0] AndroidManifest.xml:75:17-90
106-->[androidx.work:work-runtime:2.9.0] AndroidManifest.xml:75:25-87
107            </intent-filter>
108        </receiver>
109        <receiver
109-->[androidx.work:work-runtime:2.9.0] AndroidManifest.xml:78:9-88:20
110            android:name="androidx.work.impl.background.systemalarm.ConstraintProxy$BatteryNotLowProxy"
110-->[androidx.work:work-runtime:2.9.0] AndroidManifest.xml:79:13-104
111            android:directBootAware="false"
111-->[androidx.work:work-runtime:2.9.0] AndroidManifest.xml:80:13-44
112            android:enabled="false"
112-->[androidx.work:work-runtime:2.9.0] AndroidManifest.xml:81:13-36
113            android:exported="false" >
113-->[androidx.work:work-runtime:2.9.0] AndroidManifest.xml:82:13-37
114            <intent-filter>
114-->[androidx.work:work-runtime:2.9.0] AndroidManifest.xml:84:13-87:29
115                <action android:name="android.intent.action.BATTERY_OKAY" />
115-->[androidx.work:work-runtime:2.9.0] AndroidManifest.xml:85:17-77
115-->[androidx.work:work-runtime:2.9.0] AndroidManifest.xml:85:25-74
116                <action android:name="android.intent.action.BATTERY_LOW" />
116-->[androidx.work:work-runtime:2.9.0] AndroidManifest.xml:86:17-76
116-->[androidx.work:work-runtime:2.9.0] AndroidManifest.xml:86:25-73
117            </intent-filter>
118        </receiver>
119        <receiver
119-->[androidx.work:work-runtime:2.9.0] AndroidManifest.xml:89:9-99:20
120            android:name="androidx.work.impl.background.systemalarm.ConstraintProxy$StorageNotLowProxy"
120-->[androidx.work:work-runtime:2.9.0] AndroidManifest.xml:90:13-104
121            android:directBootAware="false"
121-->[androidx.work:work-runtime:2.9.0] AndroidManifest.xml:91:13-44
122            android:enabled="false"
122-->[androidx.work:work-runtime:2.9.0] AndroidManifest.xml:92:13-36
123            android:exported="false" >
123-->[androidx.work:work-runtime:2.9.0] AndroidManifest.xml:93:13-37
124            <intent-filter>
124-->[androidx.work:work-runtime:2.9.0] AndroidManifest.xml:95:13-98:29
125                <action android:name="android.intent.action.DEVICE_STORAGE_LOW" />
125-->[androidx.work:work-runtime:2.9.0] AndroidManifest.xml:96:17-83
125-->[androidx.work:work-runtime:2.9.0] AndroidManifest.xml:96:25-80
126                <action android:name="android.intent.action.DEVICE_STORAGE_OK" />
126-->[androidx.work:work-runtime:2.9.0] AndroidManifest.xml:97:17-82
126-->[androidx.work:work-runtime:2.9.0] AndroidManifest.xml:97:25-79
127            </intent-filter>
128        </receiver>
129        <receiver
129-->[androidx.work:work-runtime:2.9.0] AndroidManifest.xml:100:9-109:20
130            android:name="androidx.work.impl.background.systemalarm.ConstraintProxy$NetworkStateProxy"
130-->[androidx.work:work-runtime:2.9.0] AndroidManifest.xml:101:13-103
131            android:directBootAware="false"
131-->[androidx.work:work-runtime:2.9.0] AndroidManifest.xml:102:13-44
132            android:enabled="false"
132-->[androidx.work:work-runtime:2.9.0] AndroidManifest.xml:103:13-36
133            android:exported="false" >
133-->[androidx.work:work-runtime:2.9.0] AndroidManifest.xml:104:13-37
134            <intent-filter>
134-->[androidx.work:work-runtime:2.9.0] AndroidManifest.xml:106:13-108:29
135                <action android:name="android.net.conn.CONNECTIVITY_CHANGE" />
135-->[androidx.work:work-runtime:2.9.0] AndroidManifest.xml:107:17-79
135-->[androidx.work:work-runtime:2.9.0] AndroidManifest.xml:107:25-76
136            </intent-filter>
137        </receiver>
138        <receiver
138-->[androidx.work:work-runtime:2.9.0] AndroidManifest.xml:110:9-121:20
139            android:name="androidx.work.impl.background.systemalarm.RescheduleReceiver"
139-->[androidx.work:work-runtime:2.9.0] AndroidManifest.xml:111:13-88
140            android:directBootAware="false"
140-->[androidx.work:work-runtime:2.9.0] AndroidManifest.xml:112:13-44
141            android:enabled="false"
141-->[androidx.work:work-runtime:2.9.0] AndroidManifest.xml:113:13-36
142            android:exported="false" >
142-->[androidx.work:work-runtime:2.9.0] AndroidManifest.xml:114:13-37
143            <intent-filter>
143-->[androidx.work:work-runtime:2.9.0] AndroidManifest.xml:116:13-120:29
144                <action android:name="android.intent.action.BOOT_COMPLETED" />
144-->[androidx.work:work-runtime:2.9.0] AndroidManifest.xml:117:17-79
144-->[androidx.work:work-runtime:2.9.0] AndroidManifest.xml:117:25-76
145                <action android:name="android.intent.action.TIME_SET" />
145-->[androidx.work:work-runtime:2.9.0] AndroidManifest.xml:118:17-73
145-->[androidx.work:work-runtime:2.9.0] AndroidManifest.xml:118:25-70
146                <action android:name="android.intent.action.TIMEZONE_CHANGED" />
146-->[androidx.work:work-runtime:2.9.0] AndroidManifest.xml:119:17-81
146-->[androidx.work:work-runtime:2.9.0] AndroidManifest.xml:119:25-78
147            </intent-filter>
148        </receiver>
149        <receiver
149-->[androidx.work:work-runtime:2.9.0] AndroidManifest.xml:122:9-131:20
150            android:name="androidx.work.impl.background.systemalarm.ConstraintProxyUpdateReceiver"
150-->[androidx.work:work-runtime:2.9.0] AndroidManifest.xml:123:13-99
151            android:directBootAware="false"
151-->[androidx.work:work-runtime:2.9.0] AndroidManifest.xml:124:13-44
152            android:enabled="@bool/enable_system_alarm_service_default"
152-->[androidx.work:work-runtime:2.9.0] AndroidManifest.xml:125:13-72
153            android:exported="false" >
153-->[androidx.work:work-runtime:2.9.0] AndroidManifest.xml:126:13-37
154            <intent-filter>
154-->[androidx.work:work-runtime:2.9.0] AndroidManifest.xml:128:13-130:29
155                <action android:name="androidx.work.impl.background.systemalarm.UpdateProxies" />
155-->[androidx.work:work-runtime:2.9.0] AndroidManifest.xml:129:17-98
155-->[androidx.work:work-runtime:2.9.0] AndroidManifest.xml:129:25-95
156            </intent-filter>
157        </receiver>
158        <receiver
158-->[androidx.work:work-runtime:2.9.0] AndroidManifest.xml:132:9-142:20
159            android:name="androidx.work.impl.diagnostics.DiagnosticsReceiver"
159-->[androidx.work:work-runtime:2.9.0] AndroidManifest.xml:133:13-78
160            android:directBootAware="false"
160-->[androidx.work:work-runtime:2.9.0] AndroidManifest.xml:134:13-44
161            android:enabled="true"
161-->[androidx.work:work-runtime:2.9.0] AndroidManifest.xml:135:13-35
162            android:exported="true"
162-->[androidx.work:work-runtime:2.9.0] AndroidManifest.xml:136:13-36
163            android:permission="android.permission.DUMP" >
163-->[androidx.work:work-runtime:2.9.0] AndroidManifest.xml:137:13-57
164            <intent-filter>
164-->[androidx.work:work-runtime:2.9.0] AndroidManifest.xml:139:13-141:29
165                <action android:name="androidx.work.diagnostics.REQUEST_DIAGNOSTICS" />
165-->[androidx.work:work-runtime:2.9.0] AndroidManifest.xml:140:17-88
165-->[androidx.work:work-runtime:2.9.0] AndroidManifest.xml:140:25-85
166            </intent-filter>
167        </receiver>
168
169        <service
169-->[com.google.android.gms:play-services-mlkit-face-detection:17.1.0] AndroidManifest.xml:9:9-15:19
170            android:name="com.google.mlkit.common.internal.MlKitComponentDiscoveryService"
170-->[com.google.android.gms:play-services-mlkit-face-detection:17.1.0] AndroidManifest.xml:10:13-91
171            android:directBootAware="true"
171-->[com.google.mlkit:common:18.5.0] AndroidManifest.xml:17:13-43
172            android:exported="false" >
172-->[com.google.android.gms:play-services-mlkit-face-detection:17.1.0] AndroidManifest.xml:11:13-37
173            <meta-data
173-->[com.google.android.gms:play-services-mlkit-face-detection:17.1.0] AndroidManifest.xml:12:13-14:85
174                android:name="com.google.firebase.components:com.google.mlkit.vision.face.internal.FaceRegistrar"
174-->[com.google.android.gms:play-services-mlkit-face-detection:17.1.0] AndroidManifest.xml:13:17-114
175                android:value="com.google.firebase.components.ComponentRegistrar" />
175-->[com.google.android.gms:play-services-mlkit-face-detection:17.1.0] AndroidManifest.xml:14:17-82
176            <meta-data
176-->[com.google.android.gms:play-services-mlkit-image-labeling:16.0.8] AndroidManifest.xml:11:13-13:85
177                android:name="com.google.firebase.components:com.google.mlkit.vision.label.defaults.thin.ThinLabelRegistrar"
177-->[com.google.android.gms:play-services-mlkit-image-labeling:16.0.8] AndroidManifest.xml:12:17-125
178                android:value="com.google.firebase.components.ComponentRegistrar" />
178-->[com.google.android.gms:play-services-mlkit-image-labeling:16.0.8] AndroidManifest.xml:13:17-82
179            <meta-data
179-->[com.google.mlkit:vision-common:17.2.0] AndroidManifest.xml:12:13-14:85
180                android:name="com.google.firebase.components:com.google.mlkit.vision.common.internal.VisionCommonRegistrar"
180-->[com.google.mlkit:vision-common:17.2.0] AndroidManifest.xml:13:17-124
181                android:value="com.google.firebase.components.ComponentRegistrar" />
181-->[com.google.mlkit:vision-common:17.2.0] AndroidManifest.xml:14:17-82
182            <meta-data
182-->[com.google.mlkit:common:18.5.0] AndroidManifest.xml:20:13-22:85
183                android:name="com.google.firebase.components:com.google.mlkit.common.internal.CommonComponentRegistrar"
183-->[com.google.mlkit:common:18.5.0] AndroidManifest.xml:21:17-120
184                android:value="com.google.firebase.components.ComponentRegistrar" />
184-->[com.google.mlkit:common:18.5.0] AndroidManifest.xml:22:17-82
185        </service>
186
187        <provider
187-->[com.google.mlkit:common:18.5.0] AndroidManifest.xml:9:9-13:38
188            android:name="com.google.mlkit.common.internal.MlKitInitProvider"
188-->[com.google.mlkit:common:18.5.0] AndroidManifest.xml:10:13-78
189            android:authorities="com.sado.mygallery.mlkitinitprovider"
189-->[com.google.mlkit:common:18.5.0] AndroidManifest.xml:11:13-69
190            android:exported="false"
190-->[com.google.mlkit:common:18.5.0] AndroidManifest.xml:12:13-37
191            android:initOrder="99" />
191-->[com.google.mlkit:common:18.5.0] AndroidManifest.xml:13:13-35
192
193        <activity
193-->[com.google.android.gms:play-services-base:18.1.0] AndroidManifest.xml:20:9-22:45
194            android:name="com.google.android.gms.common.api.GoogleApiActivity"
194-->[com.google.android.gms:play-services-base:18.1.0] AndroidManifest.xml:20:19-85
195            android:exported="false"
195-->[com.google.android.gms:play-services-base:18.1.0] AndroidManifest.xml:22:19-43
196            android:theme="@android:style/Theme.Translucent.NoTitleBar" />
196-->[com.google.android.gms:play-services-base:18.1.0] AndroidManifest.xml:21:19-78
197
198        <service
198-->[androidx.room:room-runtime:2.6.1] AndroidManifest.xml:24:9-28:63
199            android:name="androidx.room.MultiInstanceInvalidationService"
199-->[androidx.room:room-runtime:2.6.1] AndroidManifest.xml:25:13-74
200            android:directBootAware="true"
200-->[androidx.room:room-runtime:2.6.1] AndroidManifest.xml:26:13-43
201            android:exported="false" />
201-->[androidx.room:room-runtime:2.6.1] AndroidManifest.xml:27:13-37
202
203        <activity
203-->[androidx.compose.ui:ui-tooling-android:1.6.6] AndroidManifest.xml:23:9-25:39
204            android:name="androidx.compose.ui.tooling.PreviewActivity"
204-->[androidx.compose.ui:ui-tooling-android:1.6.6] AndroidManifest.xml:24:13-71
205            android:exported="true" />
205-->[androidx.compose.ui:ui-tooling-android:1.6.6] AndroidManifest.xml:25:13-36
206        <activity
206-->[androidx.compose.ui:ui-test-manifest:1.6.6] AndroidManifest.xml:23:9-25:39
207            android:name="androidx.activity.ComponentActivity"
207-->[androidx.compose.ui:ui-test-manifest:1.6.6] AndroidManifest.xml:24:13-63
208            android:exported="true" />
208-->[androidx.compose.ui:ui-test-manifest:1.6.6] AndroidManifest.xml:25:13-36
209
210        <meta-data
210-->[com.google.android.gms:play-services-basement:18.1.0] AndroidManifest.xml:21:9-23:69
211            android:name="com.google.android.gms.version"
211-->[com.google.android.gms:play-services-basement:18.1.0] AndroidManifest.xml:22:13-58
212            android:value="@integer/google_play_services_version" />
212-->[com.google.android.gms:play-services-basement:18.1.0] AndroidManifest.xml:23:13-66
213
214        <service
214-->[com.google.android.datatransport:transport-backend-cct:2.3.3] AndroidManifest.xml:29:9-35:19
215            android:name="com.google.android.datatransport.runtime.backends.TransportBackendDiscovery"
215-->[com.google.android.datatransport:transport-backend-cct:2.3.3] AndroidManifest.xml:30:13-103
216            android:exported="false" >
216-->[com.google.android.datatransport:transport-backend-cct:2.3.3] AndroidManifest.xml:31:13-37
217            <meta-data
217-->[com.google.android.datatransport:transport-backend-cct:2.3.3] AndroidManifest.xml:32:13-34:39
218                android:name="backend:com.google.android.datatransport.cct.CctBackendFactory"
218-->[com.google.android.datatransport:transport-backend-cct:2.3.3] AndroidManifest.xml:33:17-94
219                android:value="cct" />
219-->[com.google.android.datatransport:transport-backend-cct:2.3.3] AndroidManifest.xml:34:17-36
220        </service>
221        <service
221-->[com.google.android.datatransport:transport-runtime:2.2.6] AndroidManifest.xml:26:9-30:19
222            android:name="com.google.android.datatransport.runtime.scheduling.jobscheduling.JobInfoSchedulerService"
222-->[com.google.android.datatransport:transport-runtime:2.2.6] AndroidManifest.xml:27:13-117
223            android:exported="false"
223-->[com.google.android.datatransport:transport-runtime:2.2.6] AndroidManifest.xml:28:13-37
224            android:permission="android.permission.BIND_JOB_SERVICE" >
224-->[com.google.android.datatransport:transport-runtime:2.2.6] AndroidManifest.xml:29:13-69
225        </service>
226
227        <receiver
227-->[com.google.android.datatransport:transport-runtime:2.2.6] AndroidManifest.xml:32:9-34:40
228            android:name="com.google.android.datatransport.runtime.scheduling.jobscheduling.AlarmManagerSchedulerBroadcastReceiver"
228-->[com.google.android.datatransport:transport-runtime:2.2.6] AndroidManifest.xml:33:13-132
229            android:exported="false" />
229-->[com.google.android.datatransport:transport-runtime:2.2.6] AndroidManifest.xml:34:13-37
230        <receiver
230-->[androidx.profileinstaller:profileinstaller:1.3.1] AndroidManifest.xml:34:9-52:20
231            android:name="androidx.profileinstaller.ProfileInstallReceiver"
231-->[androidx.profileinstaller:profileinstaller:1.3.1] AndroidManifest.xml:35:13-76
232            android:directBootAware="false"
232-->[androidx.profileinstaller:profileinstaller:1.3.1] AndroidManifest.xml:36:13-44
233            android:enabled="true"
233-->[androidx.profileinstaller:profileinstaller:1.3.1] AndroidManifest.xml:37:13-35
234            android:exported="true"
234-->[androidx.profileinstaller:profileinstaller:1.3.1] AndroidManifest.xml:38:13-36
235            android:permission="android.permission.DUMP" >
235-->[androidx.profileinstaller:profileinstaller:1.3.1] AndroidManifest.xml:39:13-57
236            <intent-filter>
236-->[androidx.profileinstaller:profileinstaller:1.3.1] AndroidManifest.xml:40:13-42:29
237                <action android:name="androidx.profileinstaller.action.INSTALL_PROFILE" />
237-->[androidx.profileinstaller:profileinstaller:1.3.1] AndroidManifest.xml:41:17-91
237-->[androidx.profileinstaller:profileinstaller:1.3.1] AndroidManifest.xml:41:25-88
238            </intent-filter>
239            <intent-filter>
239-->[androidx.profileinstaller:profileinstaller:1.3.1] AndroidManifest.xml:43:13-45:29
240                <action android:name="androidx.profileinstaller.action.SKIP_FILE" />
240-->[androidx.profileinstaller:profileinstaller:1.3.1] AndroidManifest.xml:44:17-85
240-->[androidx.profileinstaller:profileinstaller:1.3.1] AndroidManifest.xml:44:25-82
241            </intent-filter>
242            <intent-filter>
242-->[androidx.profileinstaller:profileinstaller:1.3.1] AndroidManifest.xml:46:13-48:29
243                <action android:name="androidx.profileinstaller.action.SAVE_PROFILE" />
243-->[androidx.profileinstaller:profileinstaller:1.3.1] AndroidManifest.xml:47:17-88
243-->[androidx.profileinstaller:profileinstaller:1.3.1] AndroidManifest.xml:47:25-85
244            </intent-filter>
245            <intent-filter>
245-->[androidx.profileinstaller:profileinstaller:1.3.1] AndroidManifest.xml:49:13-51:29
246                <action android:name="androidx.profileinstaller.action.BENCHMARK_OPERATION" />
246-->[androidx.profileinstaller:profileinstaller:1.3.1] AndroidManifest.xml:50:17-95
246-->[androidx.profileinstaller:profileinstaller:1.3.1] AndroidManifest.xml:50:25-92
247            </intent-filter>
248        </receiver>
249    </application>
250
251</manifest>